Fri 30 Jan 2026 06:49:29 INFO  ['scripts/training/run_recbole_ease.py']
Fri 30 Jan 2026 06:49:29 INFO  
General Hyper Parameters:
gpu_id = 0
use_gpu = True
seed = 2024
state = INFO
reproducibility = True
data_path = dataset/steam_optimal
checkpoint_dir = saved_models
show_progress = True
save_dataset = False
dataset_save_path = None
save_dataloaders = False
dataloaders_save_path = None
log_wandb = False

Training Hyper Parameters:
epochs = 1
train_batch_size = 2048
learner = adam
learning_rate = 0.01
train_neg_sample_args = {'distribution': 'uniform', 'sample_num': 1, 'alpha': 1.0, 'dynamic': False, 'candidate_num': 0}
eval_step = 1
stopping_step = 10
clip_grad_norm = None
weight_decay = 0.0
loss_decimal_place = 4

Evaluation Hyper Parameters:
eval_args = {'split': {'RS': [0.8, 0.1, 0.1]}, 'order': 'RO', 'group_by': 'user', 'mode': {'valid': 'full', 'test': 'full'}}
repeatable = False
metrics = ['Recall', 'MRR', 'NDCG', 'Hit', 'Precision']
topk = [10]
valid_metric = Recall@10
valid_metric_bigger = True
eval_batch_size = 4096
metric_decimal_place = 4

Dataset Hyper Parameters:
field_separator = 	
seq_separator =  
USER_ID_FIELD = user_id
ITEM_ID_FIELD = item_id
RATING_FIELD = rating
TIME_FIELD = timestamp
seq_len = None
LABEL_FIELD = label
threshold = None
NEG_PREFIX = neg_
load_col = {'inter': ['user_id', 'item_id']}
unload_col = None
unused_col = None
additional_feat_suffix = None
rm_dup_inter = None
val_interval = None
filter_inter_by_user_or_item = True
user_inter_num_interval = [0,inf)
item_inter_num_interval = [0,inf)
alias_of_user_id = None
alias_of_item_id = None
alias_of_entity_id = None
alias_of_relation_id = None
preload_weight = None
normalize_field = None
normalize_all = None
ITEM_LIST_LENGTH_FIELD = item_length
LIST_SUFFIX = _list
MAX_ITEM_LIST_LENGTH = 50
POSITION_FIELD = position_id
HEAD_ENTITY_ID_FIELD = head_id
TAIL_ENTITY_ID_FIELD = tail_id
RELATION_ID_FIELD = relation_id
ENTITY_ID_FIELD = entity_id
benchmark_filename = None

Other Hyper Parameters: 
worker = 0
wandb_project = recbole
shuffle = True
require_pow = False
enable_amp = False
enable_scaler = False
transform = None
reg_weight = 250.0
numerical_features = []
discretization = None
kg_reverse_r = False
entity_kg_num_interval = [0,inf)
relation_kg_num_interval = [0,inf)
MODEL_TYPE = ModelType.TRADITIONAL
batch_size = 2048
l2_weight = 1e-06
optimizer = adam
loss_type = BPR
eval_strategy = epoch
cutoff = 10
top_k = [10, 20, 50]
device = cuda
save_model = True
saved_model_dir = saved_models
eval_neg_sample_args = {'strategy': 'full'}
MODEL_INPUT_TYPE = InputType.POINTWISE
eval_type = EvaluatorType.RANKING
single_spec = True
local_rank = 0
valid_neg_sample_args = {'distribution': 'uniform', 'sample_num': 'none'}
test_neg_sample_args = {'distribution': 'uniform', 'sample_num': 'none'}


Fri 30 Jan 2026 06:50:04 INFO  steam_optimal
The number of users: 96044
Average actions of users: 98.57479462324167
The number of items: 17532
Average actions of items: 540.038731390109
The number of inters: 9467419
The sparsity of the dataset: 99.43774943946569%
Remain Fields: ['user_id', 'item_id']
Fri 30 Jan 2026 06:50:39 INFO  [Training]: train_batch_size = [2048] train_neg_sample_args: [{'distribution': 'uniform', 'sample_num': 1, 'alpha': 1.0, 'dynamic': False, 'candidate_num': 0}]
Fri 30 Jan 2026 06:50:39 INFO  [Evaluation]: eval_batch_size = [4096] eval_args: [{'split': {'RS': [0.8, 0.1, 0.1]}, 'order': 'RO', 'group_by': 'user', 'mode': {'valid': 'full', 'test': 'full'}}]
Fri 30 Jan 2026 06:52:54 INFO  EASE()
Trainable parameters: 1
Fri 30 Jan 2026 06:52:55 INFO  FLOPs: 0.0
Fri 30 Jan 2026 06:53:20 INFO  epoch 0 training [time: 23.95s, train loss: 0.0000]
Fri 30 Jan 2026 07:03:00 INFO  epoch 0 evaluating [time: 579.56s, valid_score: 0.135800]
Fri 30 Jan 2026 07:03:00 INFO  valid result: 
recall@10 : 0.1358    mrr@10 : 0.3342    ndcg@10 : 0.1622    hit@10 : 0.6327    precision@10 : 0.113
Fri 30 Jan 2026 07:03:05 INFO  Saving current: saved_models/EASE-Jan-30-2026_06-52-55.pth
