2026-01-31 13:04:11,048 - INFO - ================================================================================
2026-01-31 13:04:11,048 - INFO - Task 1: Ranking Dataset Builder 시작
2026-01-31 13:04:11,048 - INFO - ================================================================================
2026-01-31 13:04:11,048 - INFO - 
[Step 1] EASE/LightGCN 후보 로드 중...
2026-01-31 13:04:38,397 - INFO - ✓ EASE 후보 로드: 96043명 사용자
2026-01-31 13:05:06,496 - INFO - ✓ LightGCN 후보 로드: 96043명 사용자
2026-01-31 13:05:06,512 - INFO - ✓ LightGCN 임베딩 로드: 17531개 아이템, 64차원
2026-01-31 13:05:06,513 - INFO - 
[Step 2] 후보 합병 중 (1:1 가중치)...
2026-01-31 13:05:35,882 - INFO - ✓ 합병 완료: 96043명 사용자, 평균 300.0개 후보
2026-01-31 13:05:35,882 - INFO - 
[Step 3] steam_optimal 데이터 로드 중...
2026-01-31 13:05:40,058 - INFO - ✓ .inter 파일 로드: 9,467,419개 상호작용
2026-01-31 13:05:40,069 - INFO - ✓ .item 파일 로드: 17531개 아이템
2026-01-31 13:05:40,129 - INFO - ✓ .user 파일 로드: 96043명 사용자
2026-01-31 13:12:54,878 - INFO - ✓ 사용자-게임 상호작용 셋 생성: 96043명 사용자
2026-01-31 13:12:55,034 - INFO - 
[Step 4] Positive/Negative 샘플 생성 중 (1:4 비율)...
2026-01-31 13:12:55,034 - INFO -   진행률: 0/96043 (0.0%)
2026-01-31 13:19:53,486 - INFO -   진행률: 10000/96043 (10.4%)
2026-01-31 13:26:24,708 - INFO -   진행률: 20000/96043 (20.8%)
2026-01-31 13:32:18,916 - INFO -   진행률: 30000/96043 (31.2%)
2026-01-31 13:37:51,277 - INFO -   진행률: 40000/96043 (41.6%)
2026-01-31 13:43:07,834 - INFO -   진행률: 50000/96043 (52.1%)
2026-01-31 13:47:58,899 - INFO -   진행률: 60000/96043 (62.5%)
2026-01-31 13:52:35,947 - INFO -   진행률: 70000/96043 (72.9%)
2026-01-31 13:57:04,144 - INFO -   진행률: 80000/96043 (83.3%)
2026-01-31 14:01:32,030 - INFO -   진행률: 90000/96043 (93.7%)
2026-01-31 14:04:11,720 - INFO - ✓ 샘플 생성 완료: 434,791개 샘플
2026-01-31 14:04:11,720 - INFO -   - Positive: 108,698개 (25.0%)
2026-01-31 14:04:11,720 - INFO -   - Negative: 326,093개 (75.0%)
2026-01-31 14:04:11,720 - INFO - 
[Step 5] 데이터 분할 중 (8:1:1)...
2026-01-31 14:04:11,983 - INFO - ✓ 분할 완료:
2026-01-31 14:04:11,983 - INFO -   - 학습 데이터: 347,832개 (80.0%)
2026-01-31 14:04:11,983 - INFO -   - 검증 데이터: 43,479개 (10.0%)
2026-01-31 14:04:11,983 - INFO -   - 테스트 데이터: 43,480개 (10.0%)
2026-01-31 14:04:11,983 - INFO - 
[Step 6] 데이터 저장 중...
2026-01-31 14:04:12,827 - INFO - ✓ ranking_train.pkl 저장 (0.02GB)
2026-01-31 14:04:15,601 - INFO - ✓ ranking_val.pkl 저장 (0.01GB)
2026-01-31 14:04:15,744 - INFO - ✓ ranking_test.pkl 저장 (0.01GB)
2026-01-31 14:04:15,744 - INFO - 
================================================================================
2026-01-31 14:04:15,744 - INFO - ✅ Task 1 완료!
2026-01-31 14:04:15,744 - INFO - ================================================================================
